3-14-2023 12:14:39-debug: asset-db:worker-init (798ms)
3-14-2023 12:14:39-debug: Preimport db internal success
3-14-2023 12:14:39-debug: Preimport db assets success
3-14-2023 12:14:39-debug: Preimport db colyseus-sdk success
3-14-2023 12:14:40-debug: asset-db:worker-effect-data-processing (85ms)
3-14-2023 12:14:43-debug: Set detail map pack:///resolution-detail-map.json: {}
3-14-2023 12:14:43-debug: Start up the 'internal' database...
3-14-2023 12:14:43-debug: asset-db:worker-init-script (11ms)
3-14-2023 12:14:43-debug: Start up the 'assets' database...
3-14-2023 12:14:43-debug: Start up the 'colyseus-sdk' database...
3-14-2023 12:14:43-debug: Asset DB is ready!
3-14-2023 12:14:43-debug: init worker message success
3-14-2023 12:14:44-debug: builder:worker-init (1164ms)
3-14-2023 12:14:45-debug: Query all assets info in project
3-14-2023 12:14:45-debug: init custom config: keepNodeUuid: false, useCache: true
3-14-2023 12:14:45-debug:   Number of all scenes: 29
3-14-2023 12:14:45-debug: // ---- build task Query asset bundle ----
3-14-2023 12:14:45-debug: Query asset bundle start0%
3-14-2023 12:14:45-debug: Process: heapTotal 251.45MB heapUsed 228.67MB rss 430.67MB
3-14-2023 12:14:45-debug:   Number of all scripts: 12
3-14-2023 12:14:45-debug:   Number of other assets: 1004
3-14-2023 12:14:45-debug: // ---- build task Query asset bundle ---- (7ms)
3-14-2023 12:14:45-debug: // ---- build task Query and organize assets ----
3-14-2023 12:14:45-debug: run build task Query asset bundle success in 7 ms √3%
3-14-2023 12:14:45-debug: Query and organize assets start3%
3-14-2023 12:14:45-debug: Process: heapTotal 251.45MB heapUsed 224.16MB rss 430.69MB
3-14-2023 12:14:45-debug: Query preload assets from cc.config.json: 60f7195c-ec2a-45eb-ba94-8955f60e81d0,1c02ae6f-4492-4915-b8f8-7492a3b1e4cd,810e96e4-e456-4468-9b59-f4e8f39732c0,efe8e2a3-eace-427b-b4f1-cb8a937ec77d,e9aa9a3e-5b2b-4ac7-a2c7-073de2b2b24f,8bbdbcdd-5cd4-4100-b6d5-b7c9625b6107,50f4348b-c883-4e2f-8f11-ce233b859fa1,fda095cb-831d-4601-ad94-846013963de8,f92806d7-1768-443f-afe8-12bcde84d0f0,dd3a144d-ab7f-41f0-82b8-2e43a090d496,f0416e68-0200-4b77-a926-4f9d16e494da,ff9be190-20a4-4e48-b68c-76e3c7cff085,970b0598-bcb0-4714-91fb-2e81440dccd8,bcd64cc6-2dd9-43f6-abbe-66318d332032,d930590d-bb92-4cc8-8bd1-23cd027f9edf,a3cd009f-0ab0-420d-9278-b9fdab939bbc,9361fd90-ba52-4f84-aa93-6e878fd576ca,c27215d8-6835-4b68-bfbb-bdeac6100c04,b5d6115f-0370-4d7c-aad3-c194cc71cf98,871c3b6c-7379-419d-bda3-794b239ab90d
3-14-2023 12:14:45-debug: Number of scenes: 29
3-14-2023 12:14:45-debug: // ---- build task Query and organize assets ---- (9ms)
3-14-2023 12:14:45-debug: sort script group...
3-14-2023 12:14:45-debug: run build task Query and organize assets success in 9 ms √7%
3-14-2023 12:14:45-debug: Process: heapTotal 251.45MB heapUsed 228.01MB rss 430.77MB
3-14-2023 12:14:45-debug: Organize scripts start7%
3-14-2023 12:14:45-debug: // ---- build task Organize scripts ----
3-14-2023 12:14:45-debug: run build task Organize scripts success in 0 ms √10%
3-14-2023 12:14:45-debug: Init settings and config start10%
3-14-2023 12:14:45-debug: // ---- build task Init settings and config ----
3-14-2023 12:14:45-debug: Process: heapTotal 251.45MB heapUsed 228.06MB rss 430.77MB
3-14-2023 12:14:45-debug: run build task Init settings and config success in 0 ms √11%
3-14-2023 12:14:45-debug: builder.tasks.settings.macro start11%
3-14-2023 12:14:45-debug: // ---- build task builder.tasks.settings.macro ----
3-14-2023 12:14:45-debug: Process: heapTotal 251.45MB heapUsed 228.08MB rss 430.77MB
3-14-2023 12:14:45-debug: builder.tasks.settings.macro does not defined in i18n
3-14-2023 12:14:45-debug: // ---- build task builder.tasks.settings.macro ---- (1ms)
3-14-2023 12:14:45-debug: Sort some build options to settings.json start11%
3-14-2023 12:14:45-debug: run build task builder.tasks.settings.macro success in 1 ms √11%
3-14-2023 12:14:45-debug: // ---- build task Sort some build options to settings.json ----
3-14-2023 12:14:45-debug: Process: heapTotal 251.45MB heapUsed 228.11MB rss 430.77MB
3-14-2023 12:14:45-debug: // ---- build task Sort some build options to settings.json ---- (201ms)
3-14-2023 12:14:45-debug: run build task Sort some build options to settings.json success in 201 ms √12%
3-14-2023 12:14:45-debug: custom joint texture layouts start12%
3-14-2023 12:14:45-debug: // ---- build task custom joint texture layouts ----
3-14-2023 12:14:45-debug: Process: heapTotal 251.45MB heapUsed 228.17MB rss 430.77MB
3-14-2023 12:14:45-debug: // ---- build task custom joint texture layouts ---- (1ms)
3-14-2023 12:14:45-debug: run build task custom joint texture layouts success in 1 ms √12%
3-14-2023 12:14:45-debug: Process: heapTotal 251.45MB heapUsed 228.19MB rss 430.78MB
3-14-2023 12:14:45-debug: // ---- build task custom joint physics ----
3-14-2023 12:14:45-debug: custom joint physics start12%
3-14-2023 12:14:45-debug: // ---- build task custom joint physics ---- (1ms)
3-14-2023 12:14:45-debug: run build task custom joint physics success in 1 ms √13%
3-14-2023 12:14:45-debug: Process: heapTotal 251.45MB heapUsed 228.21MB rss 430.78MB
3-14-2023 12:14:45-debug: Fill script data to settings start13%
3-14-2023 12:14:45-debug: // ---- build task Fill script data to settings ----
3-14-2023 12:14:45-debug: run build task Fill script data to settings success in 0 ms √13%
3-14-2023 12:14:45-debug: Process: heapTotal 251.45MB heapUsed 228.23MB rss 430.78MB
3-14-2023 12:14:45-debug: // ---- build task Fill scene data to settings ----
3-14-2023 12:14:45-debug: Fill scene data to settings start13%
3-14-2023 12:14:45-debug: run build task Fill scene data to settings success in 0 ms √14%
3-14-2023 12:14:45-debug: Organize assets groups，generate packedAssets and rawAssets data start14%
3-14-2023 12:14:45-debug: // ---- build task Organize assets groups，generate packedAssets and rawAssets data ----
3-14-2023 12:14:45-debug: Process: heapTotal 251.45MB heapUsed 228.30MB rss 430.80MB
3-14-2023 12:14:45-debug: // ---- build task Organize assets groups，generate packedAssets and rawAssets data ---- (1ms)
3-14-2023 12:14:45-debug: Process: heapTotal 251.45MB heapUsed 228.40MB rss 430.81MB
3-14-2023 12:14:45-debug: // ---- build task Generate md5AssetsMap from suffixMap to settings ----
3-14-2023 12:14:45-debug: Generate md5AssetsMap from suffixMap to settings start14%
3-14-2023 12:14:45-debug: run build task Organize assets groups，generate packedAssets and rawAssets data success in 1 ms √14%
3-14-2023 12:14:45-debug: options.md5Cache is false.
3-14-2023 12:14:45-debug: run build task Generate md5AssetsMap from suffixMap to settings success in 0 ms √15%
3-14-2023 12:14:46-debug: programming:execute-script (4ms)
3-14-2023 12:15:39-debug: start refresh asset from /Users/zuno/Desktop/ZUNO/coco-poker/assets/scenes/lobby/SettingLobby.scene...
3-14-2023 12:15:39-debug: %cImport%c: /Users/zuno/Desktop/ZUNO/coco-poker/assets/scenes/lobby/SettingLobby.scenebackground: #aaff85; color: #000;color: #000;
3-14-2023 12:15:39-debug: refresh asset /Users/zuno/Desktop/ZUNO/coco-poker/assets/scenes/lobby/SettingLobby.scene success
3-14-2023 12:15:39-debug: Query all assets info in project
3-14-2023 12:15:39-debug: init custom config: keepNodeUuid: false, useCache: true
3-14-2023 12:15:40-debug: // ---- build task Query asset bundle ----
3-14-2023 12:15:40-debug: Query asset bundle start0%
3-14-2023 12:15:40-debug:   Number of other assets: 1004
3-14-2023 12:15:40-debug:   Number of all scenes: 29
3-14-2023 12:15:40-debug:   Number of all scripts: 12
3-14-2023 12:15:40-debug: Process: heapTotal 208.92MB heapUsed 189.71MB rss 335.19MB
3-14-2023 12:15:40-debug: run build task Query asset bundle success in 14 ms √3%
3-14-2023 12:15:40-debug: // ---- build task Query and organize assets ----
3-14-2023 12:15:40-debug: Query and organize assets start3%
3-14-2023 12:15:40-debug: // ---- build task Query asset bundle ---- (14ms)
3-14-2023 12:15:40-debug: Process: heapTotal 208.92MB heapUsed 190.15MB rss 335.91MB
3-14-2023 12:15:40-debug: Query preload assets from cc.config.json: 60f7195c-ec2a-45eb-ba94-8955f60e81d0,1c02ae6f-4492-4915-b8f8-7492a3b1e4cd,810e96e4-e456-4468-9b59-f4e8f39732c0,efe8e2a3-eace-427b-b4f1-cb8a937ec77d,e9aa9a3e-5b2b-4ac7-a2c7-073de2b2b24f,8bbdbcdd-5cd4-4100-b6d5-b7c9625b6107,50f4348b-c883-4e2f-8f11-ce233b859fa1,fda095cb-831d-4601-ad94-846013963de8,f92806d7-1768-443f-afe8-12bcde84d0f0,dd3a144d-ab7f-41f0-82b8-2e43a090d496,f0416e68-0200-4b77-a926-4f9d16e494da,ff9be190-20a4-4e48-b68c-76e3c7cff085,970b0598-bcb0-4714-91fb-2e81440dccd8,bcd64cc6-2dd9-43f6-abbe-66318d332032,d930590d-bb92-4cc8-8bd1-23cd027f9edf,a3cd009f-0ab0-420d-9278-b9fdab939bbc,9361fd90-ba52-4f84-aa93-6e878fd576ca,c27215d8-6835-4b68-bfbb-bdeac6100c04,b5d6115f-0370-4d7c-aad3-c194cc71cf98,871c3b6c-7379-419d-bda3-794b239ab90d
3-14-2023 12:15:40-debug: Number of scenes: 29
3-14-2023 12:15:40-debug: // ---- build task Query and organize assets ---- (10ms)
3-14-2023 12:15:40-debug: Organize scripts start7%
3-14-2023 12:15:40-debug: // ---- build task Organize scripts ----
3-14-2023 12:15:40-debug: run build task Query and organize assets success in 10 ms √7%
3-14-2023 12:15:40-debug: Process: heapTotal 209.92MB heapUsed 190.43MB rss 335.92MB
3-14-2023 12:15:40-debug: sort script group...
3-14-2023 12:15:40-debug: run build task Organize scripts success in 0 ms √10%
3-14-2023 12:15:40-debug: Init settings and config start10%
3-14-2023 12:15:40-debug: // ---- build task Init settings and config ----
3-14-2023 12:15:40-debug: Process: heapTotal 209.92MB heapUsed 190.48MB rss 335.94MB
3-14-2023 12:15:40-debug: run build task Init settings and config success in 0 ms √11%
3-14-2023 12:15:40-debug: builder.tasks.settings.macro start11%
3-14-2023 12:15:40-debug: // ---- build task builder.tasks.settings.macro ----
3-14-2023 12:15:40-debug: builder.tasks.settings.macro does not defined in i18n
3-14-2023 12:15:40-debug: Process: heapTotal 209.92MB heapUsed 190.50MB rss 335.94MB
3-14-2023 12:15:40-debug: run build task builder.tasks.settings.macro success in 0 ms √11%
3-14-2023 12:15:40-debug: Process: heapTotal 209.92MB heapUsed 190.53MB rss 335.94MB
3-14-2023 12:15:40-debug: // ---- build task Sort some build options to settings.json ----
3-14-2023 12:15:40-debug: Sort some build options to settings.json start11%
3-14-2023 12:15:41-debug: // ---- build task Sort some build options to settings.json ---- (1272ms)
3-14-2023 12:15:41-debug: Process: heapTotal 213.22MB heapUsed 191.95MB rss 335.95MB
3-14-2023 12:15:41-debug: run build task Sort some build options to settings.json success in 1272 ms √12%
3-14-2023 12:15:41-debug: custom joint texture layouts start12%
3-14-2023 12:15:41-debug: // ---- build task custom joint texture layouts ----
3-14-2023 12:15:41-debug: // ---- build task custom joint texture layouts ---- (1ms)
3-14-2023 12:15:41-debug: custom joint physics start12%
3-14-2023 12:15:41-debug: run build task custom joint texture layouts success in 1 ms √12%
3-14-2023 12:15:41-debug: Process: heapTotal 213.22MB heapUsed 191.97MB rss 335.95MB
3-14-2023 12:15:41-debug: // ---- build task custom joint physics ----
3-14-2023 12:15:41-debug: // ---- build task custom joint physics ---- (1ms)
3-14-2023 12:15:41-debug: // ---- build task Fill script data to settings ----
3-14-2023 12:15:41-debug: Fill script data to settings start13%
3-14-2023 12:15:41-debug: Process: heapTotal 213.22MB heapUsed 191.99MB rss 335.97MB
3-14-2023 12:15:41-debug: run build task custom joint physics success in 1 ms √13%
3-14-2023 12:15:41-debug: // ---- build task Fill script data to settings ---- (1ms)
3-14-2023 12:15:41-debug: run build task Fill script data to settings success in 1 ms √13%
3-14-2023 12:15:41-debug: Process: heapTotal 213.22MB heapUsed 192.01MB rss 335.97MB
3-14-2023 12:15:41-debug: Fill scene data to settings start13%
3-14-2023 12:15:41-debug: // ---- build task Fill scene data to settings ----
3-14-2023 12:15:41-debug: // ---- build task Fill scene data to settings ---- (1ms)
3-14-2023 12:15:41-debug: run build task Fill scene data to settings success in 1 ms √14%
3-14-2023 12:15:41-debug: Organize assets groups，generate packedAssets and rawAssets data start14%
3-14-2023 12:15:41-debug: // ---- build task Organize assets groups，generate packedAssets and rawAssets data ----
3-14-2023 12:15:41-debug: Process: heapTotal 213.22MB heapUsed 192.09MB rss 335.97MB
3-14-2023 12:15:41-debug: run build task Organize assets groups，generate packedAssets and rawAssets data success in 0 ms √14%
3-14-2023 12:15:41-debug: // ---- build task Generate md5AssetsMap from suffixMap to settings ----
3-14-2023 12:15:41-debug: Generate md5AssetsMap from suffixMap to settings start14%
3-14-2023 12:15:41-debug: Process: heapTotal 213.22MB heapUsed 192.18MB rss 335.98MB
3-14-2023 12:15:41-debug: options.md5Cache is false.
3-14-2023 12:15:41-debug: run build task Generate md5AssetsMap from suffixMap to settings success in 0 ms √15%
3-14-2023 13:05:06-debug: refresh db internal success
3-14-2023 13:05:06-debug: asset-db:worker-effect-data-processing (84ms)
3-14-2023 13:05:06-debug: refresh db assets success
3-14-2023 13:05:06-debug: refresh db colyseus-sdk success
3-14-2023 13:05:06-debug: asset-db:refresh-all-database (147ms)
3-14-2023 13:05:27-debug: refresh db internal success
3-14-2023 13:05:27-debug: asset-db:worker-effect-data-processing (82ms)
3-14-2023 13:05:27-debug: refresh db assets success
3-14-2023 13:05:27-debug: refresh db colyseus-sdk success
3-14-2023 13:05:27-debug: asset-db:refresh-all-database (143ms)
3-14-2023 13:06:18-debug: refresh db internal success
3-14-2023 13:06:19-debug: asset-db:worker-effect-data-processing (135ms)
3-14-2023 13:06:19-debug: refresh db assets success
3-14-2023 13:06:19-debug: refresh db colyseus-sdk success
3-14-2023 13:06:19-debug: asset-db:refresh-all-database (183ms)
3-14-2023 13:06:38-debug: refresh db internal success
3-14-2023 13:06:38-debug: asset-db:worker-effect-data-processing (74ms)
3-14-2023 13:06:38-debug: refresh db assets success
3-14-2023 13:06:38-debug: refresh db colyseus-sdk success
3-14-2023 13:06:38-debug: asset-db:refresh-all-database (130ms)
3-14-2023 13:06:51-debug: refresh db internal success
3-14-2023 13:06:51-debug: asset-db:worker-effect-data-processing (75ms)
3-14-2023 13:06:51-debug: refresh db assets success
3-14-2023 13:06:51-debug: refresh db colyseus-sdk success
3-14-2023 13:06:51-debug: asset-db:refresh-all-database (115ms)
3-14-2023 13:09:21-debug: refresh db internal success
3-14-2023 13:09:22-debug: asset-db:worker-effect-data-processing (169ms)
3-14-2023 13:09:22-debug: %cImport%c: /Users/zuno/Desktop/ZUNO/coco-poker/assets/scripts/lobbybackground: #aaff85; color: #000;color: #000;
3-14-2023 13:09:22-debug: %cImport%c: /Users/zuno/Desktop/ZUNO/coco-poker/assets/scripts/lobby/Setting.tsbackground: #aaff85; color: #000;color: #000;
3-14-2023 13:09:22-debug: refresh db assets success
3-14-2023 13:09:22-debug: refresh db colyseus-sdk success
3-14-2023 13:09:22-debug: asset-db:refresh-all-database (215ms)
3-14-2023 13:09:22-debug: Query all assets info in project
3-14-2023 13:09:22-debug: init custom config: keepNodeUuid: false, useCache: true
3-14-2023 13:09:22-debug:   Number of other assets: 1004
3-14-2023 13:09:22-debug: Query asset bundle start0%
3-14-2023 13:09:22-debug: Process: heapTotal 230.41MB heapUsed 200.66MB rss 245.86MB
3-14-2023 13:09:22-debug:   Number of all scripts: 12
3-14-2023 13:09:22-debug:   Number of all scenes: 29
3-14-2023 13:09:22-debug: // ---- build task Query asset bundle ----
3-14-2023 13:09:22-debug: // ---- build task Query asset bundle ---- (6ms)
3-14-2023 13:09:22-debug: Query and organize assets start3%
3-14-2023 13:09:22-debug: run build task Query asset bundle success in 6 ms √3%
3-14-2023 13:09:22-debug: // ---- build task Query and organize assets ----
3-14-2023 13:09:22-debug: Process: heapTotal 228.47MB heapUsed 194.22MB rss 246.47MB
3-14-2023 13:09:22-debug: Query preload assets from cc.config.json: 60f7195c-ec2a-45eb-ba94-8955f60e81d0,1c02ae6f-4492-4915-b8f8-7492a3b1e4cd,810e96e4-e456-4468-9b59-f4e8f39732c0,efe8e2a3-eace-427b-b4f1-cb8a937ec77d,e9aa9a3e-5b2b-4ac7-a2c7-073de2b2b24f,8bbdbcdd-5cd4-4100-b6d5-b7c9625b6107,50f4348b-c883-4e2f-8f11-ce233b859fa1,fda095cb-831d-4601-ad94-846013963de8,f92806d7-1768-443f-afe8-12bcde84d0f0,dd3a144d-ab7f-41f0-82b8-2e43a090d496,f0416e68-0200-4b77-a926-4f9d16e494da,ff9be190-20a4-4e48-b68c-76e3c7cff085,970b0598-bcb0-4714-91fb-2e81440dccd8,bcd64cc6-2dd9-43f6-abbe-66318d332032,d930590d-bb92-4cc8-8bd1-23cd027f9edf,a3cd009f-0ab0-420d-9278-b9fdab939bbc,9361fd90-ba52-4f84-aa93-6e878fd576ca,c27215d8-6835-4b68-bfbb-bdeac6100c04,b5d6115f-0370-4d7c-aad3-c194cc71cf98,871c3b6c-7379-419d-bda3-794b239ab90d
3-14-2023 13:09:22-debug: Number of scenes: 29
3-14-2023 13:09:22-debug: // ---- build task Query and organize assets ---- (9ms)
3-14-2023 13:09:22-debug: Process: heapTotal 228.47MB heapUsed 191.28MB rss 249.61MB
3-14-2023 13:09:22-debug: sort script group...
3-14-2023 13:09:22-debug: run build task Query and organize assets success in 9 ms √7%
3-14-2023 13:09:22-debug: Organize scripts start7%
3-14-2023 13:09:22-debug: // ---- build task Organize scripts ----
3-14-2023 13:09:22-debug: run build task Organize scripts success in 0 ms √10%
3-14-2023 13:09:22-debug: Init settings and config start10%
3-14-2023 13:09:22-debug: // ---- build task Init settings and config ----
3-14-2023 13:09:22-debug: Process: heapTotal 228.47MB heapUsed 191.32MB rss 249.59MB
3-14-2023 13:09:22-debug: // ---- build task Init settings and config ---- (1ms)
3-14-2023 13:09:22-debug: run build task Init settings and config success in 1 ms √11%
3-14-2023 13:09:22-debug: builder.tasks.settings.macro does not defined in i18n
3-14-2023 13:09:22-debug: builder.tasks.settings.macro start11%
3-14-2023 13:09:22-debug: // ---- build task builder.tasks.settings.macro ----
3-14-2023 13:09:22-debug: Process: heapTotal 228.47MB heapUsed 191.35MB rss 249.61MB
3-14-2023 13:09:22-debug: // ---- build task builder.tasks.settings.macro ---- (2ms)
3-14-2023 13:09:22-debug: Sort some build options to settings.json start11%
3-14-2023 13:09:22-debug: Process: heapTotal 228.47MB heapUsed 191.38MB rss 249.61MB
3-14-2023 13:09:22-debug: // ---- build task Sort some build options to settings.json ----
3-14-2023 13:09:22-debug: run build task builder.tasks.settings.macro success in 2 ms √11%
3-14-2023 13:09:23-debug: // ---- build task Sort some build options to settings.json ---- (898ms)
3-14-2023 13:09:23-debug: run build task Sort some build options to settings.json success in 898 ms √12%
3-14-2023 13:09:23-debug: custom joint texture layouts start12%
3-14-2023 13:09:23-debug: Process: heapTotal 228.47MB heapUsed 191.44MB rss 245.55MB
3-14-2023 13:09:23-debug: // ---- build task custom joint texture layouts ----
3-14-2023 13:09:23-debug: // ---- build task custom joint texture layouts ---- (1ms)
3-14-2023 13:09:23-debug: run build task custom joint texture layouts success in 1 ms √12%
3-14-2023 13:09:23-debug: custom joint physics start12%
3-14-2023 13:09:23-debug: // ---- build task custom joint physics ----
3-14-2023 13:09:23-debug: Process: heapTotal 228.47MB heapUsed 191.46MB rss 245.55MB
3-14-2023 13:09:23-debug: Fill script data to settings start13%
3-14-2023 13:09:23-debug: run build task custom joint physics success in 0 ms √13%
3-14-2023 13:09:23-debug: // ---- build task Fill script data to settings ----
3-14-2023 13:09:23-debug: Process: heapTotal 228.47MB heapUsed 191.48MB rss 245.58MB
3-14-2023 13:09:23-debug: run build task Fill script data to settings success in 0 ms √13%
3-14-2023 13:09:23-debug: Process: heapTotal 228.47MB heapUsed 191.49MB rss 245.58MB
3-14-2023 13:09:23-debug: Fill scene data to settings start13%
3-14-2023 13:09:23-debug: // ---- build task Fill scene data to settings ----
3-14-2023 13:09:23-debug: // ---- build task Fill scene data to settings ---- (1ms)
3-14-2023 13:09:23-debug: run build task Fill scene data to settings success in 1 ms √14%
3-14-2023 13:09:23-debug: Organize assets groups，generate packedAssets and rawAssets data start14%
3-14-2023 13:09:23-debug: // ---- build task Organize assets groups，generate packedAssets and rawAssets data ----
3-14-2023 13:09:23-debug: Process: heapTotal 228.47MB heapUsed 191.57MB rss 245.61MB
3-14-2023 13:09:23-debug: // ---- build task Organize assets groups，generate packedAssets and rawAssets data ---- (1ms)
3-14-2023 13:09:23-debug: Generate md5AssetsMap from suffixMap to settings start14%
3-14-2023 13:09:23-debug: run build task Organize assets groups，generate packedAssets and rawAssets data success in 1 ms √14%
3-14-2023 13:09:23-debug: // ---- build task Generate md5AssetsMap from suffixMap to settings ----
3-14-2023 13:09:23-debug: Process: heapTotal 228.47MB heapUsed 191.66MB rss 245.64MB
3-14-2023 13:09:23-debug: options.md5Cache is false.
3-14-2023 13:09:23-debug: run build task Generate md5AssetsMap from suffixMap to settings success in 0 ms √15%
3-14-2023 13:09:37-debug: refresh db internal success
3-14-2023 13:09:37-debug: asset-db:worker-effect-data-processing (70ms)
3-14-2023 13:09:37-debug: refresh db assets success
3-14-2023 13:09:37-debug: refresh db colyseus-sdk success
3-14-2023 13:09:37-debug: asset-db:refresh-all-database (98ms)
3-14-2023 13:09:44-debug: refresh db internal success
3-14-2023 13:09:44-debug: asset-db:worker-effect-data-processing (64ms)
3-14-2023 13:09:44-debug: refresh db assets success
3-14-2023 13:09:44-debug: refresh db colyseus-sdk success
3-14-2023 13:09:44-debug: asset-db:refresh-all-database (100ms)
3-14-2023 13:10:29-debug: start refresh asset from /Users/zuno/Desktop/ZUNO/coco-poker/assets/scenes/lobby/SettingLobby.scene...
3-14-2023 13:10:29-debug: %cImport%c: /Users/zuno/Desktop/ZUNO/coco-poker/assets/scenes/lobby/SettingLobby.scenebackground: #aaff85; color: #000;color: #000;
3-14-2023 13:10:29-debug: refresh asset /Users/zuno/Desktop/ZUNO/coco-poker/assets/scenes/lobby/SettingLobby.scene success
3-14-2023 13:10:29-debug: Query all assets info in project
3-14-2023 13:10:29-debug: init custom config: keepNodeUuid: false, useCache: true
3-14-2023 13:10:29-debug: Query asset bundle start0%
3-14-2023 13:10:29-debug: // ---- build task Query asset bundle ----
3-14-2023 13:10:29-debug: Process: heapTotal 233.83MB heapUsed 203.32MB rss 251.27MB
3-14-2023 13:10:29-debug:   Number of other assets: 1004
3-14-2023 13:10:29-debug:   Number of all scenes: 29
3-14-2023 13:10:29-debug:   Number of all scripts: 12
3-14-2023 13:10:29-debug: run build task Query asset bundle success in 7 ms √3%
3-14-2023 13:10:29-debug: Query and organize assets start3%
3-14-2023 13:10:29-debug: // ---- build task Query asset bundle ---- (7ms)
3-14-2023 13:10:29-debug: // ---- build task Query and organize assets ----
3-14-2023 13:10:29-debug: Process: heapTotal 219.33MB heapUsed 199.31MB rss 251.44MB
3-14-2023 13:10:29-debug: Query preload assets from cc.config.json: 60f7195c-ec2a-45eb-ba94-8955f60e81d0,1c02ae6f-4492-4915-b8f8-7492a3b1e4cd,810e96e4-e456-4468-9b59-f4e8f39732c0,efe8e2a3-eace-427b-b4f1-cb8a937ec77d,e9aa9a3e-5b2b-4ac7-a2c7-073de2b2b24f,8bbdbcdd-5cd4-4100-b6d5-b7c9625b6107,50f4348b-c883-4e2f-8f11-ce233b859fa1,fda095cb-831d-4601-ad94-846013963de8,f92806d7-1768-443f-afe8-12bcde84d0f0,dd3a144d-ab7f-41f0-82b8-2e43a090d496,f0416e68-0200-4b77-a926-4f9d16e494da,ff9be190-20a4-4e48-b68c-76e3c7cff085,970b0598-bcb0-4714-91fb-2e81440dccd8,bcd64cc6-2dd9-43f6-abbe-66318d332032,d930590d-bb92-4cc8-8bd1-23cd027f9edf,a3cd009f-0ab0-420d-9278-b9fdab939bbc,9361fd90-ba52-4f84-aa93-6e878fd576ca,c27215d8-6835-4b68-bfbb-bdeac6100c04,b5d6115f-0370-4d7c-aad3-c194cc71cf98,871c3b6c-7379-419d-bda3-794b239ab90d
3-14-2023 13:10:29-debug: Number of scenes: 29
3-14-2023 13:10:29-debug: // ---- build task Query and organize assets ---- (9ms)
3-14-2023 13:10:29-debug: Organize scripts start7%
3-14-2023 13:10:29-debug: // ---- build task Organize scripts ----
3-14-2023 13:10:29-debug: Process: heapTotal 218.83MB heapUsed 198.92MB rss 251.52MB
3-14-2023 13:10:29-debug: run build task Query and organize assets success in 9 ms √7%
3-14-2023 13:10:29-debug: sort script group...
3-14-2023 13:10:29-debug: run build task Organize scripts success in 0 ms √10%
3-14-2023 13:10:29-debug: Init settings and config start10%
3-14-2023 13:10:29-debug: // ---- build task Init settings and config ----
3-14-2023 13:10:29-debug: Process: heapTotal 218.83MB heapUsed 198.97MB rss 251.53MB
3-14-2023 13:10:29-debug: run build task Init settings and config success in 0 ms √11%
3-14-2023 13:10:29-debug: Process: heapTotal 218.83MB heapUsed 198.99MB rss 251.55MB
3-14-2023 13:10:29-debug: builder.tasks.settings.macro start11%
3-14-2023 13:10:29-debug: // ---- build task builder.tasks.settings.macro ----
3-14-2023 13:10:29-debug: builder.tasks.settings.macro does not defined in i18n
3-14-2023 13:10:29-debug: // ---- build task builder.tasks.settings.macro ---- (1ms)
3-14-2023 13:10:29-debug: run build task builder.tasks.settings.macro success in 1 ms √11%
3-14-2023 13:10:29-debug: Process: heapTotal 218.83MB heapUsed 199.01MB rss 251.55MB
3-14-2023 13:10:29-debug: // ---- build task Sort some build options to settings.json ----
3-14-2023 13:10:29-debug: Sort some build options to settings.json start11%
3-14-2023 13:10:30-debug: // ---- build task Sort some build options to settings.json ---- (381ms)
3-14-2023 13:10:30-debug: // ---- build task custom joint texture layouts ----
3-14-2023 13:10:30-debug: custom joint texture layouts start12%
3-14-2023 13:10:30-debug: run build task Sort some build options to settings.json success in 381 ms √12%
3-14-2023 13:10:30-debug: Process: heapTotal 220.13MB heapUsed 200.24MB rss 222.47MB
3-14-2023 13:10:30-debug: // ---- build task custom joint texture layouts ---- (1ms)
3-14-2023 13:10:30-debug: custom joint physics start12%
3-14-2023 13:10:30-debug: run build task custom joint texture layouts success in 1 ms √12%
3-14-2023 13:10:30-debug: // ---- build task custom joint physics ----
3-14-2023 13:10:30-debug: Process: heapTotal 220.13MB heapUsed 200.26MB rss 222.48MB
3-14-2023 13:10:30-debug: Fill script data to settings start13%
3-14-2023 13:10:30-debug: run build task custom joint physics success in 0 ms √13%
3-14-2023 13:10:30-debug: // ---- build task Fill script data to settings ----
3-14-2023 13:10:30-debug: Process: heapTotal 220.13MB heapUsed 200.28MB rss 222.50MB
3-14-2023 13:10:30-debug: // ---- build task Fill script data to settings ---- (1ms)
3-14-2023 13:10:30-debug: Fill scene data to settings start13%
3-14-2023 13:10:30-debug: // ---- build task Fill scene data to settings ----
3-14-2023 13:10:30-debug: run build task Fill script data to settings success in 1 ms √13%
3-14-2023 13:10:30-debug: Process: heapTotal 220.13MB heapUsed 200.30MB rss 222.55MB
3-14-2023 13:10:30-debug: run build task Fill scene data to settings success in 0 ms √14%
3-14-2023 13:10:30-debug: Organize assets groups，generate packedAssets and rawAssets data start14%
3-14-2023 13:10:30-debug: // ---- build task Organize assets groups，generate packedAssets and rawAssets data ----
3-14-2023 13:10:30-debug: Process: heapTotal 220.13MB heapUsed 200.37MB rss 222.66MB
3-14-2023 13:10:30-debug: // ---- build task Organize assets groups，generate packedAssets and rawAssets data ---- (1ms)
3-14-2023 13:10:30-debug: // ---- build task Generate md5AssetsMap from suffixMap to settings ----
3-14-2023 13:10:30-debug: run build task Organize assets groups，generate packedAssets and rawAssets data success in 1 ms √14%
3-14-2023 13:10:30-debug: Generate md5AssetsMap from suffixMap to settings start14%
3-14-2023 13:10:30-debug: options.md5Cache is false.
3-14-2023 13:10:30-debug: Process: heapTotal 220.13MB heapUsed 200.45MB rss 222.75MB
3-14-2023 13:10:30-debug: run build task Generate md5AssetsMap from suffixMap to settings success in 0 ms √15%
