3-8-2023 17:34:24-debug: asset-db:worker-init (808ms)
3-8-2023 17:34:24-debug: Preimport db internal success
3-8-2023 17:34:24-debug: Preimport db assets success
3-8-2023 17:34:24-debug: asset-db:worker-effect-data-processing (78ms)
3-8-2023 17:34:27-debug: Set detail map pack:///resolution-detail-map.json: {}
3-8-2023 17:34:27-debug: asset-db:worker-init-script (1774ms)
3-8-2023 17:34:27-debug: Start up the 'internal' database...
3-8-2023 17:34:27-debug: Start up the 'assets' database...
3-8-2023 17:34:27-debug: Asset DB is ready!
3-8-2023 17:34:27-debug: init worker message success
3-8-2023 17:34:28-debug: builder:worker-init (143ms)
3-8-2023 17:34:29-debug: programming:execute-script (1ms)
3-8-2023 17:35:39-debug: refresh db internal success
3-8-2023 17:35:40-debug: asset-db:worker-effect-data-processing (84ms)
3-8-2023 17:35:40-debug: refresh db assets success
3-8-2023 17:35:40-debug: asset-db:refresh-all-database (124ms)
3-8-2023 17:36:48-debug: refresh db internal success
3-8-2023 17:36:49-debug: asset-db:worker-effect-data-processing (78ms)
3-8-2023 17:36:49-debug: refresh db assets success
3-8-2023 17:36:49-debug: asset-db:refresh-all-database (123ms)
