3-8-2023 17:20:04-debug: asset-db:worker-init (816ms)
3-8-2023 17:20:04-debug: Preimport db internal success
3-8-2023 17:20:04-debug: Preimport db assets success
3-8-2023 17:20:05-debug: asset-db:worker-effect-data-processing (79ms)
3-8-2023 17:20:07-debug: Set detail map pack:///resolution-detail-map.json: {}
3-8-2023 17:20:07-debug: Start up the 'internal' database...
3-8-2023 17:20:07-debug: asset-db:worker-init-script (1808ms)
3-8-2023 17:20:07-debug: Start up the 'assets' database...
3-8-2023 17:20:07-debug: %cImport%c: /Users/zuno/Desktop/ZUNO/coco-poker/assets/main.scenebackground: #aaff85; color: #000;color: #000;
3-8-2023 17:20:07-debug: Asset DB is ready!
3-8-2023 17:20:07-debug: init worker message success
3-8-2023 17:20:08-debug: builder:worker-init (148ms)
3-8-2023 17:20:09-debug: Query all assets info in project
3-8-2023 17:20:09-debug: init custom config: keepNodeUuid: false, useCache: true
3-8-2023 17:20:09-debug:   Number of other assets: 302
3-8-2023 17:20:09-debug:   Number of all scripts: 1
3-8-2023 17:20:09-debug:   Number of all scenes: 1
3-8-2023 17:20:09-debug: Query asset bundle start0%
3-8-2023 17:20:09-debug: // ---- build task Query asset bundle ----
3-8-2023 17:20:09-debug: Process: heapTotal 246.80MB heapUsed 222.41MB rss 701.56MB
3-8-2023 17:20:09-debug: // ---- build task Query asset bundle ---- (5ms)
3-8-2023 17:20:09-debug: // ---- build task Query and organize assets ----
3-8-2023 17:20:09-debug: run build task Query asset bundle success in 5 ms √3%
3-8-2023 17:20:09-debug: Query and organize assets start3%
3-8-2023 17:20:09-debug: Process: heapTotal 246.80MB heapUsed 223.94MB rss 701.56MB
3-8-2023 17:20:09-debug: Query preload assets from cc.config.json: 60f7195c-ec2a-45eb-ba94-8955f60e81d0,1c02ae6f-4492-4915-b8f8-7492a3b1e4cd,810e96e4-e456-4468-9b59-f4e8f39732c0,efe8e2a3-eace-427b-b4f1-cb8a937ec77d,e9aa9a3e-5b2b-4ac7-a2c7-073de2b2b24f,8bbdbcdd-5cd4-4100-b6d5-b7c9625b6107,50f4348b-c883-4e2f-8f11-ce233b859fa1,fda095cb-831d-4601-ad94-846013963de8,f92806d7-1768-443f-afe8-12bcde84d0f0,dd3a144d-ab7f-41f0-82b8-2e43a090d496,f0416e68-0200-4b77-a926-4f9d16e494da,ff9be190-20a4-4e48-b68c-76e3c7cff085,970b0598-bcb0-4714-91fb-2e81440dccd8,bcd64cc6-2dd9-43f6-abbe-66318d332032,d930590d-bb92-4cc8-8bd1-23cd027f9edf,a3cd009f-0ab0-420d-9278-b9fdab939bbc,9361fd90-ba52-4f84-aa93-6e878fd576ca,c27215d8-6835-4b68-bfbb-bdeac6100c04,b5d6115f-0370-4d7c-aad3-c194cc71cf98,871c3b6c-7379-419d-bda3-794b239ab90d
3-8-2023 17:20:09-debug: Number of scenes: 1
3-8-2023 17:20:09-debug: // ---- build task Query and organize assets ---- (4ms)
3-8-2023 17:20:09-debug: Organize scripts start7%
3-8-2023 17:20:09-debug: Process: heapTotal 246.80MB heapUsed 225.25MB rss 701.59MB
3-8-2023 17:20:09-debug: run build task Query and organize assets success in 4 ms √7%
3-8-2023 17:20:09-debug: sort script group...
3-8-2023 17:20:09-debug: // ---- build task Organize scripts ----
3-8-2023 17:20:09-debug: run build task Organize scripts success in 0 ms √10%
3-8-2023 17:20:09-debug: // ---- build task Init settings and config ----
3-8-2023 17:20:09-debug: Init settings and config start10%
3-8-2023 17:20:09-debug: Process: heapTotal 246.80MB heapUsed 225.27MB rss 701.59MB
3-8-2023 17:20:09-debug: // ---- build task Init settings and config ---- (1ms)
3-8-2023 17:20:09-debug: builder.tasks.settings.macro does not defined in i18n
3-8-2023 17:20:09-debug: builder.tasks.settings.macro start11%
3-8-2023 17:20:09-debug: Process: heapTotal 246.42MB heapUsed 218.60MB rss 701.61MB
3-8-2023 17:20:09-debug: run build task Init settings and config success in 1 ms √11%
3-8-2023 17:20:09-debug: // ---- build task builder.tasks.settings.macro ----
3-8-2023 17:20:09-debug: run build task builder.tasks.settings.macro success in 0 ms √11%
3-8-2023 17:20:09-debug: // ---- build task Sort some build options to settings.json ----
3-8-2023 17:20:09-debug: Sort some build options to settings.json start11%
3-8-2023 17:20:09-debug: Process: heapTotal 246.42MB heapUsed 218.62MB rss 701.61MB
3-8-2023 17:20:09-debug: // ---- build task Sort some build options to settings.json ---- (235ms)
3-8-2023 17:20:09-debug: run build task Sort some build options to settings.json success in 235 ms √12%
3-8-2023 17:20:09-debug: // ---- build task custom joint texture layouts ----
3-8-2023 17:20:09-debug: Process: heapTotal 246.42MB heapUsed 218.68MB rss 701.64MB
3-8-2023 17:20:09-debug: custom joint texture layouts start12%
3-8-2023 17:20:09-debug: // ---- build task custom joint texture layouts ---- (1ms)
3-8-2023 17:20:09-debug: Process: heapTotal 246.42MB heapUsed 218.70MB rss 701.64MB
3-8-2023 17:20:09-debug: run build task custom joint texture layouts success in 1 ms √12%
3-8-2023 17:20:09-debug: custom joint physics start12%
3-8-2023 17:20:09-debug: // ---- build task custom joint physics ----
3-8-2023 17:20:09-debug: run build task custom joint physics success in 0 ms √13%
3-8-2023 17:20:09-debug: Fill script data to settings start13%
3-8-2023 17:20:09-debug: Process: heapTotal 246.42MB heapUsed 218.72MB rss 701.64MB
3-8-2023 17:20:09-debug: // ---- build task Fill script data to settings ----
3-8-2023 17:20:09-debug: run build task Fill script data to settings success in 0 ms √13%
3-8-2023 17:20:09-debug: Fill scene data to settings start13%
3-8-2023 17:20:09-debug: // ---- build task Fill scene data to settings ----
3-8-2023 17:20:09-debug: Process: heapTotal 246.42MB heapUsed 218.74MB rss 701.64MB
3-8-2023 17:20:09-debug: run build task Fill scene data to settings success in 0 ms √14%
3-8-2023 17:20:09-debug: Organize assets groups，generate packedAssets and rawAssets data start14%
3-8-2023 17:20:09-debug: // ---- build task Organize assets groups，generate packedAssets and rawAssets data ----
3-8-2023 17:20:09-debug: Process: heapTotal 246.42MB heapUsed 218.76MB rss 701.64MB
3-8-2023 17:20:09-debug: run build task Organize assets groups，generate packedAssets and rawAssets data success in 0 ms √14%
3-8-2023 17:20:09-debug: // ---- build task Generate md5AssetsMap from suffixMap to settings ----
3-8-2023 17:20:09-debug: Generate md5AssetsMap from suffixMap to settings start14%
3-8-2023 17:20:09-debug: Process: heapTotal 246.42MB heapUsed 218.85MB rss 701.64MB
3-8-2023 17:20:09-debug: options.md5Cache is false.
3-8-2023 17:20:09-debug: run build task Generate md5AssetsMap from suffixMap to settings success in 0 ms √15%
3-8-2023 17:20:10-debug: programming:execute-script (2ms)
3-8-2023 17:22:32-debug: refresh db internal success
3-8-2023 17:22:32-debug: asset-db:worker-effect-data-processing (76ms)
3-8-2023 17:22:32-debug: refresh db assets success
3-8-2023 17:22:32-debug: asset-db:refresh-all-database (125ms)
3-8-2023 17:22:46-debug: refresh db internal success
3-8-2023 17:22:46-debug: asset-db:worker-effect-data-processing (76ms)
3-8-2023 17:22:46-debug: refresh db assets success
3-8-2023 17:22:46-debug: asset-db:refresh-all-database (114ms)
3-8-2023 17:28:01-debug: refresh db internal success
3-8-2023 17:28:01-debug: refresh db assets success
3-8-2023 17:28:01-debug: asset-db:worker-effect-data-processing (134ms)
3-8-2023 17:28:01-debug: asset-db:refresh-all-database (183ms)
3-8-2023 17:29:54-debug: refresh db internal success
3-8-2023 17:29:54-debug: asset-db:worker-effect-data-processing (78ms)
3-8-2023 17:29:54-debug: refresh db assets success
3-8-2023 17:29:54-debug: asset-db:refresh-all-database (115ms)
3-8-2023 17:30:03-debug: refresh db internal success
3-8-2023 17:30:03-debug: asset-db:worker-effect-data-processing (64ms)
3-8-2023 17:30:03-debug: refresh db assets success
3-8-2023 17:30:03-debug: asset-db:refresh-all-database (106ms)
